[2025-09-16T19:56:05.741Z] [INFO] ğŸš€ Starting Comprehensive Automation Testing
[2025-09-16T19:56:05.745Z] [INFO] ğŸ” Testing Prerequisites...
[2025-09-16T19:56:06.110Z] [INFO] âœ… Node.js: v22.19.0
[2025-09-16T19:56:36.146Z] [ERROR] âŒ NPM: Command timeout: npm --version
[2025-09-16T19:56:43.021Z] [INFO] âœ… Homey CLI: 3.9.4
[2025-09-16T19:56:44.355Z] [INFO] âœ… Git: git version 2.50.1.windows.1
[2025-09-16T19:56:47.947Z] [INFO] âœ… PowerShell: PowerShell 7.5.3
[2025-09-16T19:56:47.949Z] [INFO] ğŸ—ï¸ Testing Project Structure...
[2025-09-16T19:56:47.980Z] [INFO] âœ… File exists: app.json
[2025-09-16T19:56:47.982Z] [INFO] âœ… File exists: package.json
[2025-09-16T19:56:47.983Z] [INFO] âœ… File exists: .homeycompose/app.json
[2025-09-16T19:56:47.984Z] [INFO] âœ… File exists: scripts/automation/ultimate-publish-automation.ps1
[2025-09-16T19:56:47.985Z] [INFO] âœ… File exists: scripts/automation/ultimate-publish-nodejs.js
[2025-09-16T19:56:47.986Z] [INFO] âœ… File exists: .github/workflows/auto-publish.yml
[2025-09-16T19:56:47.987Z] [INFO] âœ… Directory exists: drivers
[2025-09-16T19:56:47.989Z] [INFO] âœ… Directory exists: locales
[2025-09-16T19:56:47.990Z] [INFO] âœ… Directory exists: assets/images
[2025-09-16T19:56:47.991Z] [INFO] âœ… Directory exists: .homeycompose
[2025-09-16T19:56:47.993Z] [INFO] ğŸ”„ Testing .homeycompose Integration...
[2025-09-16T19:56:48.000Z] [INFO] âœ… app.json structure valid
[2025-09-16T19:56:48.002Z] [INFO] âœ… .homeycompose version sync
[2025-09-16T19:56:48.003Z] [INFO] ğŸš— Testing Driver Structure...
[2025-09-16T19:56:48.872Z] [INFO] ğŸ“Š Driver validation: 105/105 (100.0%)
[2025-09-16T19:56:48.873Z] [INFO] ğŸ¤– Testing Automation Scripts...
[2025-09-16T19:56:50.770Z] [INFO] âœ… PowerShell Automation test passed
[2025-09-16T19:56:51.049Z] [INFO] âœ… Node.js Automation test passed
[2025-09-16T19:56:51.050Z] [INFO] ğŸ  Testing Homey App Validation...
[2025-09-16T19:57:17.769Z] [ERROR] âŒ Homey validation failed: Command failed: homey app validate --level=publish

[2025-09-16T19:57:17.770Z] [INFO] ğŸ“Š Generating Comprehensive Test Report...
[2025-09-16T19:57:17.773Z] [INFO] ğŸ’¾ Test report saved: C:\Users\HP\Desktop\tuya_repair\comprehensive-automation-test-report.json
[2025-09-16T19:57:58.264Z] [INFO] ğŸš€ Starting Comprehensive Automation Testing
[2025-09-16T19:57:58.270Z] [INFO] ğŸ” Testing Prerequisites...
[2025-09-16T19:57:58.766Z] [INFO] âœ… Node.js: v22.19.0
[2025-09-16T19:58:00.267Z] [INFO] âœ… NPM: 11.5.2
[2025-09-16T19:58:04.825Z] [INFO] âœ… Homey CLI: 3.9.4
[2025-09-16T19:58:06.291Z] [INFO] âœ… Git: git version 2.50.1.windows.1
[2025-09-16T19:58:08.197Z] [INFO] âœ… PowerShell: PowerShell 7.5.3
[2025-09-16T19:58:08.198Z] [INFO] ğŸ—ï¸ Testing Project Structure...
[2025-09-16T19:58:08.243Z] [INFO] âœ… File exists: app.json
[2025-09-16T19:58:08.244Z] [INFO] âœ… File exists: package.json
[2025-09-16T19:58:08.246Z] [INFO] âœ… File exists: .homeycompose/app.json
[2025-09-16T19:58:08.247Z] [INFO] âœ… File exists: scripts/automation/ultimate-publish-automation.ps1
[2025-09-16T19:58:08.248Z] [INFO] âœ… File exists: scripts/automation/ultimate-publish-nodejs.js
[2025-09-16T19:58:08.248Z] [INFO] âœ… File exists: .github/workflows/auto-publish.yml
[2025-09-16T19:58:08.249Z] [INFO] âœ… Directory exists: drivers
[2025-09-16T19:58:08.250Z] [INFO] âœ… Directory exists: locales
[2025-09-16T19:58:08.251Z] [INFO] âœ… Directory exists: assets/images
[2025-09-16T19:58:08.252Z] [INFO] âœ… Directory exists: .homeycompose
[2025-09-16T19:58:08.254Z] [INFO] ğŸ”„ Testing .homeycompose Integration...
[2025-09-16T19:58:08.259Z] [INFO] âœ… app.json structure valid
[2025-09-16T19:58:08.262Z] [INFO] âœ… .homeycompose version sync
[2025-09-16T19:58:08.263Z] [INFO] ğŸš— Testing Driver Structure...
[2025-09-16T19:58:09.202Z] [INFO] ğŸ“Š Driver validation: 105/105 (100.0%)
[2025-09-16T19:58:09.203Z] [INFO] ğŸ¤– Testing Automation Scripts...
[2025-09-16T19:58:13.111Z] [INFO] âœ… PowerShell Automation test passed
[2025-09-16T19:58:13.849Z] [INFO] âœ… Node.js Automation test passed
[2025-09-16T19:58:13.849Z] [INFO] ğŸ  Testing Homey App Validation...
[2025-09-16T19:58:41.360Z] [ERROR] âŒ Homey validation failed: Command failed: homey app validate --level=publish

[2025-09-16T19:58:41.361Z] [INFO] ğŸ“Š Generating Comprehensive Test Report...
[2025-09-16T19:58:41.365Z] [INFO] ğŸ’¾ Test report saved: C:\Users\HP\Desktop\tuya_repair\comprehensive-automation-test-report.json
