[2025-09-10T11:42:55.713Z] [INFO] ðŸ”¥ STARTING INTENSIVE BUG FIXING ULTIMATE
[2025-09-10T11:42:55.728Z] [INFO] Homey mock created
[2025-09-10T11:42:55.728Z] [INFO] 
ðŸ”„ === ITERATION 1/10 ===
[2025-09-10T11:43:13.433Z] [INFO] Discovered 7115 JavaScript files
[2025-09-10T11:43:13.453Z] [INFO] Executing: node -c "C:\Users\HP\Desktop\tuya_repair\.mocharc.js"
[2025-09-10T11:43:13.490Z] [INFO] Executing: node -c "C:\Users\HP\Desktop\tuya_repair\babel.config.js"
[2025-09-10T11:43:13.551Z] [INFO] Executing: node -c "C:\Users\HP\Desktop\tuya_repair\.eslintrc.js"
[2025-09-10T11:43:13.622Z] [INFO] Fixed 2 issues in app.js
[2025-09-10T11:43:13.629Z] [INFO] Executing: node -c "C:\Users\HP\Desktop\tuya_repair\app.js"
[2025-09-10T11:43:13.934Z] [INFO] Fixed 1 issues in device.js
[2025-09-10T11:43:13.957Z] [INFO] Executing: node -c "C:\Users\HP\Desktop\tuya_repair\backups\drivers\climate\thermostat\TS0601\device.js"
[2025-09-10T11:43:14.229Z] [INFO] Fixed 3 issues in BaseZigbeeDevice.js
[2025-09-10T11:43:14.245Z] [INFO] Executing: node -c "C:\Users\HP\Desktop\tuya_repair\backups\drivers\common\BaseZigbeeDevice.js"
[2025-09-10T11:43:14.359Z] [INFO] Fixed 1 issues in driver.js
[2025-09-10T11:43:14.366Z] [INFO] Executing: node -c "C:\Users\HP\Desktop\tuya_repair\backups\drivers\sensors\tuya_water_leak\driver.js"
[2025-09-10T11:43:14.533Z] [INFO] Fixed 1 issues in device.js
[2025-09-10T11:43:14.568Z] [INFO] Executing: node -c "C:\Users\HP\Desktop\tuya_repair\backups\drivers\security\lock\TY0203\device.js"
[2025-09-10T11:43:14.912Z] [INFO] Fixed 1 issues in device.js
[2025-09-10T11:43:14.922Z] [INFO] Executing: node -c "C:\Users\HP\Desktop\tuya_repair\backups\drivers\lights\bulb\TS0501A\device.js"
[2025-09-10T11:43:15.116Z] [INFO] Fixed 1 issues in device.js
[2025-09-10T11:43:15.123Z] [INFO] Executing: node -c "C:\Users\HP\Desktop\tuya_repair\backups\drivers\sensors\air_quality\TS0205\device.js"
[2025-09-10T11:43:15.717Z] [INFO] Fixed 5 issues in BaseDevice.js
[2025-09-10T11:43:15.754Z] [INFO] Executing: node -c "C:\Users\HP\Desktop\tuya_repair\backups\drivers\common\BaseDevice.js"
[2025-09-10T11:43:16.142Z] [INFO] Fixed 1 issues in device.js
[2025-09-10T11:43:16.176Z] [INFO] Executing: node -c "C:\Users\HP\Desktop\tuya_repair\backups\drivers\sensors\water_leak\TS0207\device.js"
[2025-09-10T11:43:16.325Z] [INFO] Fixed 1 issues in device.js
[2025-09-10T11:43:16.326Z] [INFO] Executing: node -c "C:\Users\HP\Desktop\tuya_repair\backups\drivers\tuya_thermostat\device.js"
[2025-09-10T11:43:16.476Z] [INFO] Fixed 22 issues in device.js
[2025-09-10T11:43:16.480Z] [INFO] Executing: node -c "C:\Users\HP\Desktop\tuya_repair\backups\drivers\sensors-TS0601_motion\device.js"
[2025-09-10T11:43:16.607Z] [INFO] Fixed 1 issues in device.js
[2025-09-10T11:43:16.612Z] [INFO] Executing: node -c "C:\Users\HP\Desktop\tuya_repair\backups\drivers\sensors\temperature\TS0201\device.js"
[2025-09-10T11:43:16.794Z] [INFO] Fixed 8 issues in device.js
[2025-09-10T11:43:16.801Z] [INFO] Executing: node -c "C:\Users\HP\Desktop\tuya_repair\backups\drivers\zigbee-tuya-universal\device.js"
[2025-09-10T11:43:16.963Z] [INFO] Fixed 1 issues in device.js
[2025-09-10T11:43:16.971Z] [INFO] Executing: node -c "C:\Users\HP\Desktop\tuya_repair\backups\drivers\switches\simple_switch\TS0011\device.js"
[2025-09-10T11:43:17.157Z] [INFO] Fixed 10 issues in BaseZigbeeDevice.js
[2025-09-10T11:43:17.164Z] [INFO] Executing: node -c "C:\Users\HP\Desktop\tuya_repair\backups\drivers\templates\BaseZigbeeDevice.js"
[2025-09-10T11:43:17.349Z] [INFO] Fixed 11 issues in TuyaBaseDevice.js
[2025-09-10T11:43:17.351Z] [INFO] Executing: node -c "C:\Users\HP\Desktop\tuya_repair\backups\drivers\_base\TuyaBaseDevice.js"
[2025-09-10T11:43:17.707Z] [INFO] Fixed 1 issues in device.js
[2025-09-10T11:43:17.712Z] [INFO] Executing: node -c "C:\Users\HP\Desktop\tuya_repair\backups\drivers\tuya_water_sensor\device.js"
[2025-09-10T11:43:18.017Z] [OUTPUT] Command output: 
[2025-09-10T11:43:18.020Z] [STDERR] Command stderr: C:\Users\HP\Desktop\tuya_repair\backups\drivers\sensors\air_quality\TS0205\device.js:9
  }
  ^

SyntaxError: Missing catch or finally after try
    at wrapSafe (node:internal/modules/cjs/loader:1638:18)
    at checkSyntax (node:internal/main/check_syntax:78:3)

Node.js v22.19.0

[2025-09-10T11:43:18.021Z] [ERROR] Command error: Command failed: node -c "C:\Users\HP\Desktop\tuya_repair\backups\drivers\sensors\air_quality\TS0205\device.js"
C:\Users\HP\Desktop\tuya_repair\backups\drivers\sensors\air_quality\TS0205\device.js:9
  }
  ^

SyntaxError: Missing catch or finally after try
    at wrapSafe (node:internal/modules/cjs/loader:1638:18)
    at checkSyntax (node:internal/main/check_syntax:78:3)

Node.js v22.19.0

[2025-09-10T11:43:18.073Z] [OUTPUT] Command output: 
[2025-09-10T11:43:18.080Z] [STDERR] Command stderr: C:\Users\HP\Desktop\tuya_repair\backups\drivers\lights\bulb\TS0501A\device.js:11
  }
  ^

SyntaxError: Missing catch or finally after try
    at wrapSafe (node:internal/modules/cjs/loader:1638:18)
    at checkSyntax (node:internal/main/check_syntax:78:3)

Node.js v22.19.0

[2025-09-10T11:43:18.091Z] [ERROR] Command error: Command failed: node -c "C:\Users\HP\Desktop\tuya_repair\backups\drivers\lights\bulb\TS0501A\device.js"
C:\Users\HP\Desktop\tuya_repair\backups\drivers\lights\bulb\TS0501A\device.js:11
  }
  ^

SyntaxError: Missing catch or finally after try
    at wrapSafe (node:internal/modules/cjs/loader:1638:18)
    at checkSyntax (node:internal/main/check_syntax:78:3)

Node.js v22.19.0

[2025-09-10T11:43:18.097Z] [OUTPUT] Command output: 
[2025-09-10T11:43:18.115Z] [STDERR] Command stderr: C:\Users\HP\Desktop\tuya_repair\backups\drivers\security\lock\TY0203\device.js:8
  }
  ^

SyntaxError: Missing catch or finally after try
    at wrapSafe (node:internal/modules/cjs/loader:1638:18)
    at checkSyntax (node:internal/main/check_syntax:78:3)

Node.js v22.19.0

[2025-09-10T11:43:18.128Z] [ERROR] Command error: Command failed: node -c "C:\Users\HP\Desktop\tuya_repair\backups\drivers\security\lock\TY0203\device.js"
C:\Users\HP\Desktop\tuya_repair\backups\drivers\security\lock\TY0203\device.js:8
  }
  ^

SyntaxError: Missing catch or finally after try
    at wrapSafe (node:internal/modules/cjs/loader:1638:18)
    at checkSyntax (node:internal/main/check_syntax:78:3)

Node.js v22.19.0

[2025-09-10T11:43:18.143Z] [OUTPUT] Command output: 
[2025-09-10T11:43:18.168Z] [STDERR] Command stderr: C:\Users\HP\Desktop\tuya_repair\backups\drivers\sensors\tuya_water_leak\driver.js:21
  }
  ^

SyntaxError: Missing catch or finally after try
    at wrapSafe (node:internal/modules/cjs/loader:1638:18)
    at checkSyntax (node:internal/main/check_syntax:78:3)

Node.js v22.19.0

[2025-09-10T11:43:18.177Z] [ERROR] Command error: Command failed: node -c "C:\Users\HP\Desktop\tuya_repair\backups\drivers\sensors\tuya_water_leak\driver.js"
C:\Users\HP\Desktop\tuya_repair\backups\drivers\sensors\tuya_water_leak\driver.js:21
  }
  ^

SyntaxError: Missing catch or finally after try
    at wrapSafe (node:internal/modules/cjs/loader:1638:18)
    at checkSyntax (node:internal/main/check_syntax:78:3)

Node.js v22.19.0

[2025-09-10T11:43:18.193Z] [OUTPUT] Command output: 
[2025-09-10T11:43:18.201Z] [STDERR] Command stderr: C:\Users\HP\Desktop\tuya_repair\backups\drivers\common\BaseZigbeeDevice.js:20
  }
  ^

SyntaxError: Missing catch or finally after try
    at wrapSafe (node:internal/modules/cjs/loader:1638:18)
    at checkSyntax (node:internal/main/check_syntax:78:3)

Node.js v22.19.0

[2025-09-10T11:43:18.205Z] [ERROR] Command error: Command failed: node -c "C:\Users\HP\Desktop\tuya_repair\backups\drivers\common\BaseZigbeeDevice.js"
C:\Users\HP\Desktop\tuya_repair\backups\drivers\common\BaseZigbeeDevice.js:20
  }
  ^

SyntaxError: Missing catch or finally after try
    at wrapSafe (node:internal/modules/cjs/loader:1638:18)
    at checkSyntax (node:internal/main/check_syntax:78:3)

Node.js v22.19.0

[2025-09-10T11:43:18.208Z] [OUTPUT] Command output: 
[2025-09-10T11:43:18.210Z] [STDERR] Command stderr: C:\Users\HP\Desktop\tuya_repair\backups\drivers\climate\thermostat\TS0601\device.js:9
  }
  ^

SyntaxError: Missing catch or finally after try
    at wrapSafe (node:internal/modules/cjs/loader:1638:18)
    at checkSyntax (node:internal/main/check_syntax:78:3)

Node.js v22.19.0

[2025-09-10T11:43:18.211Z] [ERROR] Command error: Command failed: node -c "C:\Users\HP\Desktop\tuya_repair\backups\drivers\climate\thermostat\TS0601\device.js"
C:\Users\HP\Desktop\tuya_repair\backups\drivers\climate\thermostat\TS0601\device.js:9
  }
  ^

SyntaxError: Missing catch or finally after try
    at wrapSafe (node:internal/modules/cjs/loader:1638:18)
    at checkSyntax (node:internal/main/check_syntax:78:3)

Node.js v22.19.0

[2025-09-10T11:43:18.228Z] [OUTPUT] Command output: 
[2025-09-10T11:43:18.249Z] [STDERR] Command stderr: C:\Users\HP\Desktop\tuya_repair\app.js:1
const Homey = const Homey = require('./homey-mock') || require('homey');
              ^^^^^

SyntaxError: Unexpected token 'const'
    at wrapSafe (node:internal/modules/cjs/loader:1638:18)
    at checkSyntax (node:internal/main/check_syntax:78:3)

Node.js v22.19.0

[2025-09-10T11:43:18.260Z] [ERROR] Command error: Command failed: node -c "C:\Users\HP\Desktop\tuya_repair\app.js"
C:\Users\HP\Desktop\tuya_repair\app.js:1
const Homey = const Homey = require('./homey-mock') || require('homey');
              ^^^^^

SyntaxError: Unexpected token 'const'
    at wrapSafe (node:internal/modules/cjs/loader:1638:18)
    at checkSyntax (node:internal/main/check_syntax:78:3)

Node.js v22.19.0

[2025-09-10T11:43:18.266Z] [OUTPUT] Command output: 
[2025-09-10T11:43:18.270Z] [INFO] Executing: timeout 10 node "C:\Users\HP\Desktop\tuya_repair\.eslintrc.js" --test-mode || echo "Test completed"
[2025-09-10T11:43:18.441Z] [OUTPUT] Command output: 
[2025-09-10T11:43:18.441Z] [INFO] Executing: timeout 10 node "C:\Users\HP\Desktop\tuya_repair\babel.config.js" --test-mode || echo "Test completed"
[2025-09-10T11:43:18.648Z] [OUTPUT] Command output: 
[2025-09-10T11:43:18.651Z] [INFO] Executing: timeout 10 node "C:\Users\HP\Desktop\tuya_repair\.mocharc.js" --test-mode || echo "Test completed"
[2025-09-10T11:43:18.904Z] [OUTPUT] Command output: "Test completed"

[2025-09-10T11:43:18.913Z] [STDERR] Command stderr: Erreurï¿½: Syntaxe incorrecte. L'option par dï¿½faut n'est pas autorisï¿½e plus de 1 fois.
Entrez "TIMEOUT /?" pour afficher la syntaxe.

[2025-09-10T11:43:18.915Z] [OUTPUT] Command output: 
[2025-09-10T11:43:18.923Z] [STDERR] Command stderr: C:\Users\HP\Desktop\tuya_repair\backups\drivers\switches\simple_switch\TS0011\device.js:8
  }
  ^

SyntaxError: Missing catch or finally after try
    at wrapSafe (node:internal/modules/cjs/loader:1638:18)
    at checkSyntax (node:internal/main/check_syntax:78:3)

Node.js v22.19.0

[2025-09-10T11:43:18.930Z] [ERROR] Command error: Command failed: node -c "C:\Users\HP\Desktop\tuya_repair\backups\drivers\switches\simple_switch\TS0011\device.js"
C:\Users\HP\Desktop\tuya_repair\backups\drivers\switches\simple_switch\TS0011\device.js:8
  }
  ^

SyntaxError: Missing catch or finally after try
    at wrapSafe (node:internal/modules/cjs/loader:1638:18)
    at checkSyntax (node:internal/main/check_syntax:78:3)

Node.js v22.19.0

[2025-09-10T11:43:18.937Z] [OUTPUT] Command output: 
[2025-09-10T11:43:18.938Z] [STDERR] Command stderr: C:\Users\HP\Desktop\tuya_repair\backups\drivers\zigbee-tuya-universal\device.js:26
  }
  ^

SyntaxError: Missing catch or finally after try
    at wrapSafe (node:internal/modules/cjs/loader:1638:18)
    at checkSyntax (node:internal/main/check_syntax:78:3)

Node.js v22.19.0

[2025-09-10T11:43:18.950Z] [ERROR] Command error: Command failed: node -c "C:\Users\HP\Desktop\tuya_repair\backups\drivers\zigbee-tuya-universal\device.js"
C:\Users\HP\Desktop\tuya_repair\backups\drivers\zigbee-tuya-universal\device.js:26
  }
  ^

SyntaxError: Missing catch or finally after try
    at wrapSafe (node:internal/modules/cjs/loader:1638:18)
    at checkSyntax (node:internal/main/check_syntax:78:3)

Node.js v22.19.0

[2025-09-10T11:43:18.951Z] [OUTPUT] Command output: 
[2025-09-10T11:43:18.952Z] [STDERR] Command stderr: C:\Users\HP\Desktop\tuya_repair\backups\drivers\sensors\temperature\TS0201\device.js:46
  }
  ^

SyntaxError: Missing catch or finally after try
    at wrapSafe (node:internal/modules/cjs/loader:1638:18)
    at checkSyntax (node:internal/main/check_syntax:78:3)

Node.js v22.19.0

[2025-09-10T11:43:18.953Z] [ERROR] Command error: Command failed: node -c "C:\Users\HP\Desktop\tuya_repair\backups\drivers\sensors\temperature\TS0201\device.js"
C:\Users\HP\Desktop\tuya_repair\backups\drivers\sensors\temperature\TS0201\device.js:46
  }
  ^

SyntaxError: Missing catch or finally after try
    at wrapSafe (node:internal/modules/cjs/loader:1638:18)
    at checkSyntax (node:internal/main/check_syntax:78:3)

Node.js v22.19.0

[2025-09-10T11:43:18.953Z] [OUTPUT] Command output: 
[2025-09-10T11:43:18.954Z] [STDERR] Command stderr: C:\Users\HP\Desktop\tuya_repair\backups\drivers\sensors-TS0601_motion\device.js:33
  }
  ^

SyntaxError: Missing catch or finally after try
    at wrapSafe (node:internal/modules/cjs/loader:1638:18)
    at checkSyntax (node:internal/main/check_syntax:78:3)

Node.js v22.19.0

[2025-09-10T11:43:18.956Z] [ERROR] Command error: Command failed: node -c "C:\Users\HP\Desktop\tuya_repair\backups\drivers\sensors-TS0601_motion\device.js"
C:\Users\HP\Desktop\tuya_repair\backups\drivers\sensors-TS0601_motion\device.js:33
  }
  ^

SyntaxError: Missing catch or finally after try
    at wrapSafe (node:internal/modules/cjs/loader:1638:18)
    at checkSyntax (node:internal/main/check_syntax:78:3)

Node.js v22.19.0

[2025-09-10T11:43:18.956Z] [OUTPUT] Command output: 
[2025-09-10T11:43:18.957Z] [STDERR] Command stderr: C:\Users\HP\Desktop\tuya_repair\backups\drivers\tuya_thermostat\device.js:9
  }
  ^

SyntaxError: Missing catch or finally after try
    at wrapSafe (node:internal/modules/cjs/loader:1638:18)
    at checkSyntax (node:internal/main/check_syntax:78:3)

Node.js v22.19.0

[2025-09-10T11:43:18.957Z] [ERROR] Command error: Command failed: node -c "C:\Users\HP\Desktop\tuya_repair\backups\drivers\tuya_thermostat\device.js"
C:\Users\HP\Desktop\tuya_repair\backups\drivers\tuya_thermostat\device.js:9
  }
  ^

SyntaxError: Missing catch or finally after try
    at wrapSafe (node:internal/modules/cjs/loader:1638:18)
    at checkSyntax (node:internal/main/check_syntax:78:3)

Node.js v22.19.0

[2025-09-10T11:43:18.958Z] [OUTPUT] Command output: 
[2025-09-10T11:43:18.959Z] [STDERR] Command stderr: C:\Users\HP\Desktop\tuya_repair\backups\drivers\sensors\water_leak\TS0207\device.js:20
  }
  ^

SyntaxError: Missing catch or finally after try
    at wrapSafe (node:internal/modules/cjs/loader:1638:18)
    at checkSyntax (node:internal/main/check_syntax:78:3)

Node.js v22.19.0

[2025-09-10T11:43:18.959Z] [ERROR] Command error: Command failed: node -c "C:\Users\HP\Desktop\tuya_repair\backups\drivers\sensors\water_leak\TS0207\device.js"
C:\Users\HP\Desktop\tuya_repair\backups\drivers\sensors\water_leak\TS0207\device.js:20
  }
  ^

SyntaxError: Missing catch or finally after try
    at wrapSafe (node:internal/modules/cjs/loader:1638:18)
    at checkSyntax (node:internal/main/check_syntax:78:3)

Node.js v22.19.0

[2025-09-10T11:43:18.962Z] [OUTPUT] Command output: 
[2025-09-10T11:43:18.963Z] [STDERR] Command stderr: C:\Users\HP\Desktop\tuya_repair\backups\drivers\common\BaseDevice.js:41
      }
      ^

SyntaxError: Missing catch or finally after try
    at wrapSafe (node:internal/modules/cjs/loader:1638:18)
    at checkSyntax (node:internal/main/check_syntax:78:3)

Node.js v22.19.0

[2025-09-10T11:43:18.964Z] [ERROR] Command error: Command failed: node -c "C:\Users\HP\Desktop\tuya_repair\backups\drivers\common\BaseDevice.js"
C:\Users\HP\Desktop\tuya_repair\backups\drivers\common\BaseDevice.js:41
      }
      ^

SyntaxError: Missing catch or finally after try
    at wrapSafe (node:internal/modules/cjs/loader:1638:18)
    at checkSyntax (node:internal/main/check_syntax:78:3)

Node.js v22.19.0

[2025-09-10T11:43:19.097Z] [OUTPUT] Command output: "Test completed"

[2025-09-10T11:43:19.109Z] [STDERR] Command stderr: Erreurï¿½: Syntaxe incorrecte. L'option par dï¿½faut n'est pas autorisï¿½e plus de 1 fois.
Entrez "TIMEOUT /?" pour afficher la syntaxe.

[2025-09-10T11:43:19.191Z] [OUTPUT] Command output: 
[2025-09-10T11:43:19.192Z] [STDERR] Command stderr: C:\Users\HP\Desktop\tuya_repair\backups\drivers\templates\BaseZigbeeDevice.js:42
  }
  ^

SyntaxError: Missing catch or finally after try
    at wrapSafe (node:internal/modules/cjs/loader:1638:18)
    at checkSyntax (node:internal/main/check_syntax:78:3)

Node.js v22.19.0

[2025-09-10T11:43:19.192Z] [ERROR] Command error: Command failed: node -c "C:\Users\HP\Desktop\tuya_repair\backups\drivers\templates\BaseZigbeeDevice.js"
C:\Users\HP\Desktop\tuya_repair\backups\drivers\templates\BaseZigbeeDevice.js:42
  }
  ^

SyntaxError: Missing catch or finally after try
    at wrapSafe (node:internal/modules/cjs/loader:1638:18)
    at checkSyntax (node:internal/main/check_syntax:78:3)

Node.js v22.19.0

[2025-09-10T11:43:19.230Z] [OUTPUT] Command output: "Test completed"

[2025-09-10T11:43:19.243Z] [STDERR] Command stderr: Erreurï¿½: Syntaxe incorrecte. L'option par dï¿½faut n'est pas autorisï¿½e plus de 1 fois.
Entrez "TIMEOUT /?" pour afficher la syntaxe.

[2025-09-10T11:43:19.287Z] [OUTPUT] Command output: 
[2025-09-10T11:43:19.292Z] [STDERR] Command stderr: C:\Users\HP\Desktop\tuya_repair\backups\drivers\_base\TuyaBaseDevice.js:32
  }
  ^

SyntaxError: Missing catch or finally after try
    at wrapSafe (node:internal/modules/cjs/loader:1638:18)
    at checkSyntax (node:internal/main/check_syntax:78:3)

Node.js v22.19.0

[2025-09-10T11:43:19.297Z] [ERROR] Command error: Command failed: node -c "C:\Users\HP\Desktop\tuya_repair\backups\drivers\_base\TuyaBaseDevice.js"
C:\Users\HP\Desktop\tuya_repair\backups\drivers\_base\TuyaBaseDevice.js:32
  }
  ^

SyntaxError: Missing catch or finally after try
    at wrapSafe (node:internal/modules/cjs/loader:1638:18)
    at checkSyntax (node:internal/main/check_syntax:78:3)

Node.js v22.19.0

[2025-09-10T11:43:19.364Z] [OUTPUT] Command output: 
[2025-09-10T11:43:19.368Z] [STDERR] Command stderr: C:\Users\HP\Desktop\tuya_repair\backups\drivers\tuya_water_sensor\device.js:9
  }
  ^

SyntaxError: Missing catch or finally after try
    at wrapSafe (node:internal/modules/cjs/loader:1638:18)
    at checkSyntax (node:internal/main/check_syntax:78:3)

Node.js v22.19.0

[2025-09-10T11:43:19.368Z] [ERROR] Command error: Command failed: node -c "C:\Users\HP\Desktop\tuya_repair\backups\drivers\tuya_water_sensor\device.js"
C:\Users\HP\Desktop\tuya_repair\backups\drivers\tuya_water_sensor\device.js:9
  }
  ^

SyntaxError: Missing catch or finally after try
    at wrapSafe (node:internal/modules/cjs/loader:1638:18)
    at checkSyntax (node:internal/main/check_syntax:78:3)

Node.js v22.19.0

[2025-09-10T11:43:19.369Z] [INFO] Iteration 1: 45 issues found, 45 fixed
[2025-09-10T11:43:19.369Z] [INFO] === HOMEY VALIDATE ITERATION 1 ===
[2025-09-10T11:43:19.461Z] [INFO] Running: homey app validate --level error
[2025-09-10T11:43:19.462Z] [INFO] Executing: homey app validate --level error
[2025-09-10T11:45:20.114Z] [ERROR] homey app validate --level error - FAILED: 0 errors
[2025-09-10T11:45:20.129Z] [INFO] Running: homey app validate --level warn
[2025-09-10T11:45:20.136Z] [INFO] Executing: homey app validate --level warn
[2025-09-10T11:45:20.308Z] [OUTPUT] Command output: [32mâœ“ Pre-processing app...[39m
[90mAdded Driver `TS0601_climate`[39m
[90mAdded Driver `TS0601_cover`[39m
[90mAdded Driver `TS0601_irrigation`[39m
[90mAdded Driver `TS0601_lock`[39m
[90mAdded Driver `TS0601_siren`[39m
[90mAdded Driver `_base`[39m
[90mAdded Driver `_template`[39m
[90mAdded Driver `_templates`[39m
[90mAdded Driver `aqara_motion_sensor`[39m
[90mAdded Driver `bosch_thermostat_valve`[39m
[90mAdded Driver `climate`[39m
[90mAdded Driver `common`[39m
[90mAdded Driver `covers`[39m
[90mAdded Driver `ikea_tradfri_bulb`[39m
[90mAdded Driver `lights`[39m
[90mAdded Driver `manufacturers`[39m
[90mAdded Driver `protocols`[39m
[90mAdded Driver `security`[39m
[90mAdded Driver `sensors`[39m
[90mAdded Driver `sensors-TS0601_motion`[39m
[90mAdded Driver `switches`[39m
[90mAdded Driver `templates`[39m
[90mAdded Driver `tuya`[39m
[90mAdded Driver `tuya-ts0011`[39m
[90mAdded Driver `tuya-ts011f`[39m
[90mAdded Driver `tuya_future_ai_device`[39m
[90mAdded Driver `tuya_generic_light`[39m
[90mAdded Driver `tuya_generic_plug`[39m
[90mAdded Driver `tuya_generic_sensor`[39m
[90mAdded Driver `tuya_generic_switch`[39m
[90mAdded Driver `tuya_light_ts0501a`[39m
[90mAdded Driver `tuya_light_ts0502a`[39m
[90mAdded Driver `tuya_light_ts0502b`[39m
[90mAdded Driver `tuya_light_ts0505a`[39m
[90mAdded Driver `tuya_light_ts0505b`[39m
[90mAdded Driver `tuya_light_universal`[39m
[90mAdded Driver `tuya_thermostat`[39m
[90mAdded Driver `tuya_universal_adapter`[39m
[90mAdded Driver `tuya_water_sensor`[39m
[90mAdded Driver `types`[39m
[90mAdded Driver `zigbee`[39m
[90mAdded Driver `zigbee-tuya-universal`[39m

[2025-09-10T11:45:20.369Z] [ERROR] Command error: Command failed: homey app validate --level error

[2025-09-10T11:46:09.533Z] [OUTPUT] Command output: [32mâœ“ Pre-processing app...[39m
[90mAdded Driver `TS0601_climate`[39m
[90mAdded Driver `TS0601_cover`[39m
[90mAdded Driver `TS0601_irrigation`[39m
[90mAdded Driver `TS0601_lock`[39m
[90mAdded Driver `TS0601_siren`[39m
[90mAdded Driver `_base`[39m
[90mAdded Driver `_template`[39m
[90mAdded Driver `_templates`[39m
[90mAdded Driver `aqara_motion_sensor`[39m
[90mAdded Driver `bosch_thermostat_valve`[39m
[90mAdded Driver `climate`[39m
[90mAdded Driver `common`[39m
[90mAdded Driver `covers`[39m
[90mAdded Driver `ikea_tradfri_bulb`[39m
[90mAdded Driver `lights`[39m
[90mAdded Driver `manufacturers`[39m
[90mAdded Driver `protocols`[39m
[90mAdded Driver `security`[39m
[90mAdded Driver `sensors`[39m
[90mAdded Driver `sensors-TS0601_motion`[39m
[90mAdded Driver `switches`[39m
[90mAdded Driver `templates`[39m
[90mAdded Driver `tuya`[39m
[90mAdded Driver `tuya-ts0011`[39m
[90mAdded Driver `tuya-ts011f`[39m
[90mAdded Driver `tuya_future_ai_device`[39m
[90mAdded Driver `tuya_generic_light`[39m
[90mAdded Driver `tuya_generic_plug`[39m
[90mAdded Driver `tuya_generic_sensor`[39m
[90mAdded Driver `tuya_generic_switch`[39m
[90mAdded Driver `tuya_light_ts0501a`[39m
[90mAdded Driver `tuya_light_ts0502a`[39m
[90mAdded Driver `tuya_light_ts0502b`[39m
[90mAdded Driver `tuya_light_ts0505a`[39m
[90mAdded Driver `tuya_light_ts0505b`[39m
[90mAdded Driver `tuya_light_universal`[39m
[90mAdded Driver `tuya_thermostat`[39m
[90mAdded Driver `tuya_universal_adapter`[39m
[90mAdded Driver `tuya_water_sensor`[39m
[90mAdded Driver `types`[39m
[90mAdded Driver `zigbee`[39m
[90mAdded Driver `zigbee-tuya-universal`[39m
[31mÃ— ENOTEMPTY: directory not empty, rmdir 'C:\Users\HP\Desktop\tuya_repair\.homeybuild\catalog\heater\tuya\Aqara_Heater_Device_Standard_Default'[39m

