[2025-09-16 00:26:08] [INFO] ULTIMATE EXPECT PUBLISHER STARTING
[2025-09-16 00:26:08] [INFO] Project Path: .
[2025-09-16 00:26:08] [INFO] Target: Homey App Store Publication
[2025-09-16 00:26:08] [INFO] Running validation check...
[2025-09-16 00:41:53] [ERROR] Validation failed: [32m? Pre-processing app...[39m [90mAdded Driver `air_quality_monitor`[39m [90mAdded Driver `blind_controller`[39m [90mAdded Driver `candle_bulb`[39m [90mAdded Driver `co_detector`[39m [90mAdded Driver `contact_sensor`[39m [90mAdded Driver `curtain_motor`[39m [90mAdded Driver `dimmer_switch`[39m [90mAdded Driver `door_controller`[39m [90mAdded Driver `door_lock`[39m [90mAdded Driver `door_window_sensor`[39m [90mAdded Driver `emergency_button`[39m [90mAdded Driver `energy_plug`[39m [90mAdded Driver `extension_plug`[39m [90mAdded Driver `fan_controller`[39m [90mAdded Driver `filament_bulb`[39m [90mAdded Driver `fingerprint_lock`[39m [90mAdded Driver `garage_door`[39m [90mAdded Driver `gas_detector`[39m [90mAdded Driver `gu10_spot`[39m [90mAdded Driver `hvac_controller`[39m [90mAdded Driver `keypad_lock`[39m [90mAdded Driver `led_controller`[39m [90mAdded Driver `led_strip`[39m [90mAdded Driver `motion_sensor`[39m [90mAdded Driver `multisensor`[39m [90mAdded Driver `panic_button`[39m [90mAdded Driver `pir_sensor`[39m [90mAdded Driver `presence_sensor`[39m [90mAdded Driver `radar_sensor`[39m [90mAdded Driver `radiator_valve`[39m [90mAdded Driver `rgb_bulb`[39m [90mAdded Driver `roller_blind`[39m [90mAdded Driver `rotary_dimmer`[39m [90mAdded Driver `scene_switch`[39m [90mAdded Driver `shade_controller`[39m [90mAdded Driver `smart_bulb`[39m [90mAdded Driver `smart_lock`[39m [90mAdded Driver `smart_outlet`[39m [90mAdded Driver `smart_plug`[39m [90mAdded Driver `smoke_detector`[39m [90mAdded Driver `soil_moisture_sensor`[39m [90mAdded Driver `sos_button`[39m [90mAdded Driver `temperature_controller`[39m [90mAdded Driver `temperature_humidity_sensor`[39m [90mAdded Driver `thermostat`[39m [90mAdded Driver `touch_switch`[39m [90mAdded Driver `tunable_white_bulb`[39m [90mAdded Driver `usb_outlet`[39m [90mAdded Driver `vibration_sensor`[39m [90mAdded Driver `wall_outlet`[39m [90mAdded Driver `wall_switch_1gang`[39m [90mAdded Driver `wall_switch_2gang`[39m [90mAdded Driver `wall_switch_3gang`[39m [90mAdded Driver `wall_switch_4gang`[39m [90mAdded Driver `water_leak_sensor`[39m [90mAdded Driver `window_motor`[39m [90mAdded Driver `wireless_button`[39m [32m? Validating app...[39m [31m× App did not validate against level `publish`:[39m [31m× Filepath does not exist: drivers\aqara_button[39m
[2025-09-16 00:41:53] [ERROR] Validation failed, cannot proceed
